#
# A fatal error has been detected by the Java Runtime Environment:
#
#  EXCEPTION_ACCESS_VIOLATION (0xc0000005) at pc=0x00007ffa6cb68d61, pid=5444, tid=14988
#
# JRE version: OpenJDK Runtime Environment Corretto-19.0.2.7.1 (19.0.2+7) (build 19.0.2+7-FR)
# Java VM: OpenJDK 64-Bit Server VM Corretto-19.0.2.7.1 (19.0.2+7-FR, mixed mode, sharing, tiered, compressed oops, compressed class ptrs, g1 gc, windows-amd64)
# Problematic frame:
# C  [nvoglv64.dll+0x1458d61]
#
# No core dump will be written. Minidumps are not enabled by default on client versions of Windows
#
# If you would like to submit a bug report, please visit:
#   https://github.com/corretto/corretto-19/issues/
# The crash happened outside the Java Virtual Machine in native code.
# See problematic frame for where to report the bug.
#

---------------  S U M M A R Y ------------

Command Line: -javaagent:C:\Program Files\JetBrains\IntelliJ IDEA Community Edition 2023.2\lib\idea_rt.jar=49750:C:\Program Files\JetBrains\IntelliJ IDEA Community Edition 2023.2\bin -Dfile.encoding=UTF-8 -Dsun.stdout.encoding=UTF-8 -Dsun.stderr.encoding=UTF-8 main.game.Main

Host: Intel(R) Core(TM) i5-9400F CPU @ 2.90GHz, 6 cores, 7G,  Windows 10 , 64 bit Build 19041 (10.0.19041.3636)
Time: Wed May 29 12:39:00 2024 Hora oficial do Brasil elapsed time: 0.610030 seconds (0d 0h 0m 0s)

---------------  T H R E A D  ---------------

Current thread (0x0000023321de0760):  JavaThread "main" [_thread_in_native, id=14988, stack(0x000000e84c200000,0x000000e84c300000)]

Stack: [0x000000e84c200000,0x000000e84c300000],  sp=0x000000e84c2fed08,  free space=1019k
Native frames: (J=compiled Java code, j=interpreted, Vv=VM code, C=native code)
C  [nvoglv64.dll+0x1458d61]

Java frames: (J=compiled Java code, j=interpreted, Vv=VM code)
j  org.lwjgl.opengl.GL12C.nglTexSubImage3D(IIIIIIIIIIJ)V+0
j  org.lwjgl.opengl.GL12C.glTexSubImage3D(IIIIIIIIIILjava/nio/ByteBuffer;)V+21
j  org.lwjgl.opengl.GL12.glTexSubImage3D(IIIIIIIIIILjava/nio/ByteBuffer;)V+18
j  main.game.graphics.map.Map.setupTexturePaths()V+407
j  main.game.graphics.map.Map.<init>([[Lmain/game/graphics/map/Tile;Ljava/lang/String;Ljava/lang/String;)V+41
j  main.game.Main.main([Ljava/lang/String;)V+207
v  ~StubRoutines::call_stub 0x000002333150100e

siginfo: EXCEPTION_ACCESS_VIOLATION (0xc0000005), reading address 0x000002334b334d90


Registers:
RAX=0x000002334aeadd40, RBX=0x000002334aeadd40, RCX=0x000002334aeadd40, RDX=0x000002334b332db0
RSP=0x000000e84c2fed08, RBP=0x000002334b332db0, RSI=0x0000000000002000, RDI=0x0000023345d35080
R8 =0x0000000000002000, R9 =0x000002334aeadd40, R10=0x00007ffa6b710000, R11=0x00000000887b31b8
R12=0x0000000000001908, R13=0x0000000000000002, R14=0x0000000000008c1a, R15=0x0000000000001401
RIP=0x00007ffa6cb68d61, EFLAGS=0x0000000000010246


Register to memory mapping:

RIP=0x00007ffa6cb68d61 nvoglv64.dll
RAX=0x000002334aeadd40 points into unknown readable memory: 0x0000000000000000 | 00 00 00 00 00 00 00 00
RBX=0x000002334aeadd40 points into unknown readable memory: 0x0000000000000000 | 00 00 00 00 00 00 00 00
RCX=0x000002334aeadd40 points into unknown readable memory: 0x0000000000000000 | 00 00 00 00 00 00 00 00
RDX=0x000002334b332db0 points into unknown readable memory: 0xff454545ff454545 | 45 45 45 ff 45 45 45 ff
RSP=0x000000e84c2fed08 is pointing into the stack for thread: 0x0000023321de0760
RBP=0x000002334b332db0 points into unknown readable memory: 0xff454545ff454545 | 45 45 45 ff 45 45 45 ff
RSI=0x0000000000002000 is an unknown value
RDI=0x0000023345d35080 points into unknown readable memory: 0x0000000000000000 | 00 00 00 00 00 00 00 00
R8 =0x0000000000002000 is an unknown value
R9 =0x000002334aeadd40 points into unknown readable memory: 0x0000000000000000 | 00 00 00 00 00 00 00 00
R10=0x00007ffa6b710000 nvoglv64.dll
R11=0x00000000887b31b8 is an oop: java.lang.Class 
{0x00000000887b31b8} - klass: 'java/lang/Class'
 - ---- fields (total size 32 words):
 - private volatile transient 'classRedefinedCount' 'I' @12  0
 - abstract internal 'klass' 'J' @16  34376618872 (1019378 8)
 - abstract internal 'array_klass' 'J' @24  0 (0 0)
 - abstract internal 'oop_size' 'I' @32  32 (20)
 - abstract internal 'static_oop_field_count' 'I' @36  0
 - private volatile transient 'cachedConstructor' 'Ljava/lang/reflect/Constructor;' @40  NULL (0)
 - private transient 'name' 'Ljava/lang/String;' @44  "org.lwjgl.opengl.GL12C"{0x00000000887b32c8} (887b32c8)
 - private transient 'module' 'Ljava/lang/Module;' @48  a 'java/lang/Module'{0x0000000088e00000} (88e00000)
 - private final 'classLoader' 'Ljava/lang/ClassLoader;' @52  a 'jdk/internal/loader/ClassLoaders$AppClassLoader'{0x0000000088f6b460} (88f6b460)
 - private transient 'classData' 'Ljava/lang/Object;' @56  NULL (0)
 - private transient 'packageName' 'Ljava/lang/String;' @60  "org.lwjgl.opengl"{0x00000000889301c8} (889301c8)
 - private final 'componentType' 'Ljava/lang/Class;' @64  NULL (0)
 - private volatile transient 'reflectionData' 'Ljava/lang/ref/SoftReference;' @68  NULL (0)
 - private volatile transient 'genericInfo' 'Lsun/reflect/generics/repository/ClassRepository;' @72  NULL (0)
 - private volatile transient 'enumConstants' '[Ljava/lang/Object;' @76  NULL (0)
 - private volatile transient 'enumConstantDirectory' 'Ljava/util/Map;' @80  NULL (0)
 - private volatile transient 'annotationData' 'Ljava/lang/Class$AnnotationData;' @84  NULL (0)
 - private volatile transient 'annotationType' 'Lsun/reflect/annotation/AnnotationType;' @88  NULL (0)
 - transient 'classValueMap' 'Ljava/lang/ClassValue$ClassValueMap;' @92  NULL (0)
 - abstract internal 'protection_domain' 'Ljava/lang/Object;' @96  a 'java/security/ProtectionDomain'{0x0000000088942ba8} (88942ba8)
 - abstract internal 'signers_name' 'Ljava/lang/Object;' @100  NULL (0)
 - abstract internal 'source_file' 'Ljava/lang/Object;' @104  NULL (0)
 - signature: Lorg/lwjgl/opengl/GL12C;
 - ---- static fields (0):
 - public static final 'GL_ALIASED_LINE_WIDTH_RANGE' 'I' @112  33902 (846e)
 - public static final 'GL_SMOOTH_POINT_SIZE_RANGE' 'I' @116  2834 (b12)
 - public static final 'GL_SMOOTH_POINT_SIZE_GRANULARITY' 'I' @120  2835 (b13)
 - public static final 'GL_SMOOTH_LINE_WIDTH_RANGE' 'I' @124  2850 (b22)
 - public static final 'GL_SMOOTH_LINE_WIDTH_GRANULARITY' 'I' @128  2851 (b23)
 - public static final 'GL_TEXTURE_BINDING_3D' 'I' @132  32874 (806a)
 - public static final 'GL_PACK_SKIP_IMAGES' 'I' @136  32875 (806b)
 - public static final 'GL_PACK_IMAGE_HEIGHT' 'I' @140  32876 (806c)
 - public static final 'GL_UNPACK_SKIP_IMAGES' 'I' @144  32877 (806d)
 - public static final 'GL_UNPACK_IMAGE_HEIGHT' 'I' @148  32878 (806e)
 - public static final 'GL_TEXTURE_3D' 'I' @152  32879 (806f)
 - public static final 'GL_PROXY_TEXTURE_3D' 'I' @156  32880 (8070)
 - public static final 'GL_TEXTURE_DEPTH' 'I' @160  32881 (8071)
 - public static final 'GL_TEXTURE_WRAP_R' 'I' @164  32882 (8072)
 - public static final 'GL_MAX_3D_TEXTURE_SIZE' 'I' @168  32883 (8073)
 - public static final 'GL_BGR' 'I' @172  32992 (80e0)
 - public static final 'GL_BGRA' 'I' @176  32993 (80e1)
 - public static final 'GL_UNSIGNED_BYTE_3_3_2' 'I' @180  32818 (8032)
 - public static final 'GL_UNSIGNED_BYTE_2_3_3_REV' 'I' @184  33634 (8362)
 - public static final 'GL_UNSIGNED_SHORT_5_6_5' 'I' @188  33635 (8363)
 - public static final 'GL_UNSIGNED_SHORT_5_6_5_REV' 'I' @192  33636 (8364)
 - public static final 'GL_UNSIGNED_SHORT_4_4_4_4' 'I' @196  32819 (8033)
 - public static final 'GL_UNSIGNED_SHORT_4_4_4_4_REV' 'I' @200  33637 (8365)
 - public static final 'GL_UNSIGNED_SHORT_5_5_5_1' 'I' @204  32820 (8034)
 - public static final 'GL_UNSIGNED_SHORT_1_5_5_5_REV' 'I' @208  33638 (8366)
 - public static final 'GL_UNSIGNED_INT_8_8_8_8' 'I' @212  32821 (8035)
 - public static final 'GL_UNSIGNED_INT_8_8_8_8_REV' 'I' @216  33639 (8367)
 - public static final 'GL_UNSIGNED_INT_10_10_10_2' 'I' @220  32822 (8036)
 - public static final 'GL_UNSIGNED_INT_2_10_10_10_REV' 'I' @224  33640 (8368)
 - public static final 'GL_CLAMP_TO_EDGE' 'I' @228  33071 (812f)
 - public static final 'GL_TEXTURE_MIN_LOD' 'I' @232  33082 (813a)
 - public static final 'GL_TEXTURE_MAX_LOD' 'I' @236  33083 (813b)
 - public static final 'GL_TEXTURE_BASE_LEVEL' 'I' @240  33084 (813c)
 - public static final 'GL_TEXTURE_MAX_LEVEL' 'I' @244  33085 (813d)
 - public static final 'GL_MAX_ELEMENTS_VERTICES' 'I' @248  33000 (80e8)
 - public static final 'GL_MAX_ELEMENTS_INDICES' 'I' @252  33001 (80e9)
R12=0x0000000000001908 is an unknown value
R13=0x0000000000000002 is an unknown value
R14=0x0000000000008c1a is an unknown value
R15=0x0000000000001401 is an unknown value


Top of Stack: (sp=0x000000e84c2fed08)
0x000000e84c2fed08:   00007ffa6bc5f286 0000000000000000
0x000000e84c2fed18:   000002334b332db0 0000000000000010
0x000000e84c2fed28:   000175555555555d 0000023300000002
0x000000e84c2fed38:   0000023300000000 0000000200001908
0x000000e84c2fed48:   0000023300001401 000002334b332db0
0x000000e84c2fed58:   0000007000000000 0000bfae00002000
0x000000e84c2fed68:   000000e84c2fef68 0000023321de0760
0x000000e84c2fed78:   000000e84c2fef68 0000023340df95e0
0x000000e84c2fed88:   0000000000000000 000002334b332db0
0x000000e84c2fed98:   0000000000000010 000000e84c2feef0
0x000000e84c2feda8:   00007ffab6add00b 0000000000008c1a
0x000000e84c2fedb8:   0000023300000000 0001755500000000
0x000000e84c2fedc8:   0000023300000000 0000023300000000
0x000000e84c2fedd8:   0000023300000020 0000023300000020
0x000000e84c2fede8:   0000023300000002 0000023300001908
0x000000e84c2fedf8:   0000023300001401 000002334b332db0 

Instructions: (pc=0x00007ffa6cb68d61)
0x00007ffa6cb68c61:   40 04 44 88 48 06 c3 4c 8b 02 8b 4a 08 44 0f b7
0x00007ffa6cb68c71:   4a 0c 4c 89 00 89 48 08 66 44 89 48 0c c3 0f b7
0x00007ffa6cb68c81:   0a 44 0f b6 42 02 66 89 08 44 88 40 02 c3 90 4c
0x00007ffa6cb68c91:   8b 02 8b 4a 08 44 0f b6 4a 0c 4c 89 00 89 48 08
0x00007ffa6cb68ca1:   44 88 48 0c c3 4c 8b 02 0f b7 4a 08 4c 89 00 66
0x00007ffa6cb68cb1:   89 48 08 c3 4c 8b 02 0f b6 4a 08 4c 89 00 88 48
0x00007ffa6cb68cc1:   08 c3 4c 8b 02 8b 4a 08 4c 89 00 89 48 08 c3 8b
0x00007ffa6cb68cd1:   0a 44 0f b7 42 04 89 08 66 44 89 40 04 c3 8b 0a
0x00007ffa6cb68ce1:   44 0f b6 42 04 89 08 44 88 40 04 c3 48 8b 0a 48
0x00007ffa6cb68cf1:   89 08 c3 0f b6 0a 88 08 c3 8b 0a 89 08 c3 90 49
0x00007ffa6cb68d01:   83 f8 20 77 17 f3 0f 6f 0a f3 42 0f 6f 54 02 f0
0x00007ffa6cb68d11:   f3 0f 7f 09 f3 42 0f 7f 54 01 f0 c3 4e 8d 0c 02
0x00007ffa6cb68d21:   48 3b ca 4c 0f 46 c9 49 3b c9 0f 82 3f 04 00 00
0x00007ffa6cb68d31:   83 3d 38 66 f4 00 03 0f 82 e2 02 00 00 49 81 f8
0x00007ffa6cb68d41:   00 20 00 00 76 16 49 81 f8 00 00 18 00 77 0d f6
0x00007ffa6cb68d51:   05 15 c7 04 01 02 0f 85 73 fe ff ff c5 fe 6f 02
0x00007ffa6cb68d61:   c4 a1 7e 6f 6c 02 e0 49 81 f8 00 01 00 00 0f 86
0x00007ffa6cb68d71:   c3 00 00 00 4c 8b c9 49 83 e1 1f 49 83 e9 20 49
0x00007ffa6cb68d81:   2b c9 49 2b d1 4d 03 c1 49 81 f8 00 01 00 00 0f
0x00007ffa6cb68d91:   86 a2 00 00 00 49 81 f8 00 00 18 00 0f 87 3d 01
0x00007ffa6cb68da1:   00 00 66 66 66 66 66 0f 1f 84 00 00 00 00 00 c5
0x00007ffa6cb68db1:   fe 6f 0a c5 fe 6f 52 20 c5 fe 6f 5a 40 c5 fe 6f
0x00007ffa6cb68dc1:   62 60 c5 fd 7f 09 c5 fd 7f 51 20 c5 fd 7f 59 40
0x00007ffa6cb68dd1:   c5 fd 7f 61 60 c5 fe 6f 8a 80 00 00 00 c5 fe 6f
0x00007ffa6cb68de1:   92 a0 00 00 00 c5 fe 6f 9a c0 00 00 00 c5 fe 6f
0x00007ffa6cb68df1:   a2 e0 00 00 00 c5 fd 7f 89 80 00 00 00 c5 fd 7f
0x00007ffa6cb68e01:   91 a0 00 00 00 c5 fd 7f 99 c0 00 00 00 c5 fd 7f
0x00007ffa6cb68e11:   a1 e0 00 00 00 48 81 c1 00 01 00 00 48 81 c2 00
0x00007ffa6cb68e21:   01 00 00 49 81 e8 00 01 00 00 49 81 f8 00 01 00
0x00007ffa6cb68e31:   00 0f 83 78 ff ff ff 4d 8d 48 1f 49 83 e1 e0 4d
0x00007ffa6cb68e41:   8b d9 49 c1 eb 05 47 8b 9c 9a 10 7b 1a 02 4d 03
0x00007ffa6cb68e51:   da 41 ff e3 c4 a1 7e 6f 8c 0a 00 ff ff ff c4 a1 


Stack slot to memory mapping:
stack at sp + 0 slots: 0x00007ffa6bc5f286 nvoglv64.dll
stack at sp + 1 slots: 0x0 is NULL
stack at sp + 2 slots: 0x000002334b332db0 points into unknown readable memory: 0xff454545ff454545 | 45 45 45 ff 45 45 45 ff
stack at sp + 3 slots: 0x0000000000000010 is an unknown value
stack at sp + 4 slots: 0x000175555555555d is an unknown value
stack at sp + 5 slots: 0x0000023300000002 is an unknown value
stack at sp + 6 slots: 0x0000023300000000 is an unknown value
stack at sp + 7 slots: 0x0000000200001908 is an unknown value


---------------  P R O C E S S  ---------------

Threads class SMR info:
_java_thread_list=0x0000023345359ca0, length=13, elements={
0x0000023321de0760, 0x0000023340480be0, 0x0000023340481f80, 0x0000023340485860,
0x0000023340486390, 0x0000023340489a20, 0x000002334048ffe0, 0x000002334048cff0,
0x00000233404b60b0, 0x00000233404b9b80, 0x00000233448cb8e0, 0x00000233448c9900,
0x00000233448ca3a0
}

Java Threads: ( => current thread )
=>0x0000023321de0760 JavaThread "main" [_thread_in_native, id=14988, stack(0x000000e84c200000,0x000000e84c300000)]
  0x0000023340480be0 JavaThread "Reference Handler" daemon [_thread_blocked, id=10864, stack(0x000000e84c900000,0x000000e84ca00000)]
  0x0000023340481f80 JavaThread "Finalizer" daemon [_thread_blocked, id=11920, stack(0x000000e84ca00000,0x000000e84cb00000)]
  0x0000023340485860 JavaThread "Signal Dispatcher" daemon [_thread_blocked, id=13100, stack(0x000000e84cb00000,0x000000e84cc00000)]
  0x0000023340486390 JavaThread "Attach Listener" daemon [_thread_blocked, id=9148, stack(0x000000e84cc00000,0x000000e84cd00000)]
  0x0000023340489a20 JavaThread "Service Thread" daemon [_thread_blocked, id=14560, stack(0x000000e84cd00000,0x000000e84ce00000)]
  0x000002334048ffe0 JavaThread "Monitor Deflation Thread" daemon [_thread_blocked, id=9304, stack(0x000000e84ce00000,0x000000e84cf00000)]
  0x000002334048cff0 JavaThread "C2 CompilerThread0" daemon [_thread_blocked, id=4508, stack(0x000000e84cf00000,0x000000e84d000000)]
  0x00000233404b60b0 JavaThread "C1 CompilerThread0" daemon [_thread_blocked, id=2864, stack(0x000000e84d000000,0x000000e84d100000)]
  0x00000233404b9b80 JavaThread "Sweeper thread" daemon [_thread_blocked, id=11184, stack(0x000000e84d100000,0x000000e84d200000)]
  0x00000233448cb8e0 JavaThread "Common-Cleaner" daemon [_thread_blocked, id=13212, stack(0x000000e84d200000,0x000000e84d300000)]
  0x00000233448c9900 JavaThread "Monitor Ctrl-Break" daemon [_thread_in_native, id=15044, stack(0x000000e84d300000,0x000000e84d400000)]
  0x00000233448ca3a0 JavaThread "Notification Thread" daemon [_thread_blocked, id=8136, stack(0x000000e84d400000,0x000000e84d500000)]

Other Threads:
  0x0000023340463720 VMThread "VM Thread" [stack: 0x000000e84c800000,0x000000e84c900000] [id=1568]
  0x0000023344aef410 WatcherThread "VM Periodic Task Thread" [stack: 0x000000e84d500000,0x000000e84d600000] [id=7948]
  0x0000023321e3ec40 WorkerThread "GC Thread#0" [stack: 0x000000e84c300000,0x000000e84c400000] [id=5936]
  0x0000023321e50a60 ConcurrentGCThread "G1 Main Marker" [stack: 0x000000e84c400000,0x000000e84c500000] [id=4840]
  0x0000023321e52bf0 WorkerThread "G1 Conc#0" [stack: 0x000000e84c500000,0x000000e84c600000] [id=10824]
  0x00000233403220c0 ConcurrentGCThread "G1 Refine#0" [stack: 0x000000e84c600000,0x000000e84c700000] [id=8664]
  0x0000023340322b10 ConcurrentGCThread "G1 Service" [stack: 0x000000e84c700000,0x000000e84c800000] [id=12500]

Threads with active compile tasks:

VM state: not at safepoint (normal execution)

VM Mutex/Monitor currently owned by a thread: None

Heap address: 0x0000000081000000, size: 2032 MB, Compressed Oops mode: 32-bit

CDS archive(s) mapped at: [0x0000000800000000-0x0000000800c40000-0x0000000800c40000), size 12845056, SharedBaseAddress: 0x0000000800000000, ArchiveRelocationMode: 0.
Compressed class space mapped at: 0x0000000801000000-0x0000000841000000, reserved size: 1073741824
Narrow klass base: 0x0000000800000000, Narrow klass shift: 0, Narrow klass range: 0x100000000

GC Precious Log:
 CardTable entry size: 512
 Card Set container configuration: InlinePtr #cards 5 size 8 Array Of Cards #cards 12 size 40 Howl #buckets 4 coarsen threshold 1843 Howl Bitmap #cards 512 size 80 coarsen threshold 460 Card regions per heap region 1 cards per card region 2048
 CPUs: 6 total, 6 available
 Memory: 8125M
 Large Page Support: Disabled
 NUMA Support: Disabled
 Compressed Oops: Enabled (32-bit)
 Heap Region Size: 1M
 Heap Min Capacity: 8M
 Heap Initial Capacity: 128M
 Heap Max Capacity: 2032M
 Pre-touch: Disabled
 Parallel Workers: 6
 Concurrent Workers: 2
 Concurrent Refinement Workers: 6
 Periodic GC: Disabled

Heap:
 garbage-first heap   total 131072K, used 9216K [0x0000000081000000, 0x0000000100000000)
  region size 1024K, 11 young (11264K), 0 survivors (0K)
 Metaspace       used 5363K, committed 5568K, reserved 1114112K
  class space    used 277K, committed 384K, reserved 1048576K

Heap Regions: E=young(eden), S=young(survivor), O=old, HS=humongous(starts), HC=humongous(continues), CS=collection set, F=free, OA=open archive, CA=closed archive, TAMS=top-at-mark-start (previous, next)
|   0|0x0000000081000000, 0x0000000081000000, 0x0000000081100000|  0%| F|  |TAMS 0x0000000081000000, 0x0000000081000000| Untracked 
|   1|0x0000000081100000, 0x0000000081100000, 0x0000000081200000|  0%| F|  |TAMS 0x0000000081100000, 0x0000000081100000| Untracked 
|   2|0x0000000081200000, 0x0000000081200000, 0x0000000081300000|  0%| F|  |TAMS 0x0000000081200000, 0x0000000081200000| Untracked 
|   3|0x0000000081300000, 0x0000000081300000, 0x0000000081400000|  0%| F|  |TAMS 0x0000000081300000, 0x0000000081300000| Untracked 
|   4|0x0000000081400000, 0x0000000081400000, 0x0000000081500000|  0%| F|  |TAMS 0x0000000081400000, 0x0000000081400000| Untracked 
|   5|0x0000000081500000, 0x0000000081500000, 0x0000000081600000|  0%| F|  |TAMS 0x0000000081500000, 0x0000000081500000| Untracked 
|   6|0x0000000081600000, 0x0000000081600000, 0x0000000081700000|  0%| F|  |TAMS 0x0000000081600000, 0x0000000081600000| Untracked 
|   7|0x0000000081700000, 0x0000000081700000, 0x0000000081800000|  0%| F|  |TAMS 0x0000000081700000, 0x0000000081700000| Untracked 
|   8|0x0000000081800000, 0x0000000081800000, 0x0000000081900000|  0%| F|  |TAMS 0x0000000081800000, 0x0000000081800000| Untracked 
|   9|0x0000000081900000, 0x0000000081900000, 0x0000000081a00000|  0%| F|  |TAMS 0x0000000081900000, 0x0000000081900000| Untracked 
|  10|0x0000000081a00000, 0x0000000081a00000, 0x0000000081b00000|  0%| F|  |TAMS 0x0000000081a00000, 0x0000000081a00000| Untracked 
|  11|0x0000000081b00000, 0x0000000081b00000, 0x0000000081c00000|  0%| F|  |TAMS 0x0000000081b00000, 0x0000000081b00000| Untracked 
|  12|0x0000000081c00000, 0x0000000081c00000, 0x0000000081d00000|  0%| F|  |TAMS 0x0000000081c00000, 0x0000000081c00000| Untracked 
|  13|0x0000000081d00000, 0x0000000081d00000, 0x0000000081e00000|  0%| F|  |TAMS 0x0000000081d00000, 0x0000000081d00000| Untracked 
|  14|0x0000000081e00000, 0x0000000081e00000, 0x0000000081f00000|  0%| F|  |TAMS 0x0000000081e00000, 0x0000000081e00000| Untracked 
|  15|0x0000000081f00000, 0x0000000081f00000, 0x0000000082000000|  0%| F|  |TAMS 0x0000000081f00000, 0x0000000081f00000| Untracked 
|  16|0x0000000082000000, 0x0000000082000000, 0x0000000082100000|  0%| F|  |TAMS 0x0000000082000000, 0x0000000082000000| Untracked 
|  17|0x0000000082100000, 0x0000000082100000, 0x0000000082200000|  0%| F|  |TAMS 0x0000000082100000, 0x0000000082100000| Untracked 
|  18|0x0000000082200000, 0x0000000082200000, 0x0000000082300000|  0%| F|  |TAMS 0x0000000082200000, 0x0000000082200000| Untracked 
|  19|0x0000000082300000, 0x0000000082300000, 0x0000000082400000|  0%| F|  |TAMS 0x0000000082300000, 0x0000000082300000| Untracked 
|  20|0x0000000082400000, 0x0000000082400000, 0x0000000082500000|  0%| F|  |TAMS 0x0000000082400000, 0x0000000082400000| Untracked 
|  21|0x0000000082500000, 0x0000000082500000, 0x0000000082600000|  0%| F|  |TAMS 0x0000000082500000, 0x0000000082500000| Untracked 
|  22|0x0000000082600000, 0x0000000082600000, 0x0000000082700000|  0%| F|  |TAMS 0x0000000082600000, 0x0000000082600000| Untracked 
|  23|0x0000000082700000, 0x0000000082700000, 0x0000000082800000|  0%| F|  |TAMS 0x0000000082700000, 0x0000000082700000| Untracked 
|  24|0x0000000082800000, 0x0000000082800000, 0x0000000082900000|  0%| F|  |TAMS 0x0000000082800000, 0x0000000082800000| Untracked 
|  25|0x0000000082900000, 0x0000000082900000, 0x0000000082a00000|  0%| F|  |TAMS 0x0000000082900000, 0x0000000082900000| Untracked 
|  26|0x0000000082a00000, 0x0000000082a00000, 0x0000000082b00000|  0%| F|  |TAMS 0x0000000082a00000, 0x0000000082a00000| Untracked 
|  27|0x0000000082b00000, 0x0000000082b00000, 0x0000000082c00000|  0%| F|  |TAMS 0x0000000082b00000, 0x0000000082b00000| Untracked 
|  28|0x0000000082c00000, 0x0000000082c00000, 0x0000000082d00000|  0%| F|  |TAMS 0x0000000082c00000, 0x0000000082c00000| Untracked 
|  29|0x0000000082d00000, 0x0000000082d00000, 0x0000000082e00000|  0%| F|  |TAMS 0x0000000082d00000, 0x0000000082d00000| Untracked 
|  30|0x0000000082e00000, 0x0000000082e00000, 0x0000000082f00000|  0%| F|  |TAMS 0x0000000082e00000, 0x0000000082e00000| Untracked 
|  31|0x0000000082f00000, 0x0000000082f00000, 0x0000000083000000|  0%| F|  |TAMS 0x0000000082f00000, 0x0000000082f00000| Untracked 
|  32|0x0000000083000000, 0x0000000083000000, 0x0000000083100000|  0%| F|  |TAMS 0x0000000083000000, 0x0000000083000000| Untracked 
|  33|0x0000000083100000, 0x0000000083100000, 0x0000000083200000|  0%| F|  |TAMS 0x0000000083100000, 0x0000000083100000| Untracked 
|  34|0x0000000083200000, 0x0000000083200000, 0x0000000083300000|  0%| F|  |TAMS 0x0000000083200000, 0x0000000083200000| Untracked 
|  35|0x0000000083300000, 0x0000000083300000, 0x0000000083400000|  0%| F|  |TAMS 0x0000000083300000, 0x0000000083300000| Untracked 
|  36|0x0000000083400000, 0x0000000083400000, 0x0000000083500000|  0%| F|  |TAMS 0x0000000083400000, 0x0000000083400000| Untracked 
|  37|0x0000000083500000, 0x0000000083500000, 0x0000000083600000|  0%| F|  |TAMS 0x0000000083500000, 0x0000000083500000| Untracked 
|  38|0x0000000083600000, 0x0000000083600000, 0x0000000083700000|  0%| F|  |TAMS 0x0000000083600000, 0x0000000083600000| Untracked 
|  39|0x0000000083700000, 0x0000000083700000, 0x0000000083800000|  0%| F|  |TAMS 0x0000000083700000, 0x0000000083700000| Untracked 
|  40|0x0000000083800000, 0x0000000083800000, 0x0000000083900000|  0%| F|  |TAMS 0x0000000083800000, 0x0000000083800000| Untracked 
|  41|0x0000000083900000, 0x0000000083900000, 0x0000000083a00000|  0%| F|  |TAMS 0x0000000083900000, 0x0000000083900000| Untracked 
|  42|0x0000000083a00000, 0x0000000083a00000, 0x0000000083b00000|  0%| F|  |TAMS 0x0000000083a00000, 0x0000000083a00000| Untracked 
|  43|0x0000000083b00000, 0x0000000083b00000, 0x0000000083c00000|  0%| F|  |TAMS 0x0000000083b00000, 0x0000000083b00000| Untracked 
|  44|0x0000000083c00000, 0x0000000083c00000, 0x0000000083d00000|  0%| F|  |TAMS 0x0000000083c00000, 0x0000000083c00000| Untracked 
|  45|0x0000000083d00000, 0x0000000083d00000, 0x0000000083e00000|  0%| F|  |TAMS 0x0000000083d00000, 0x0000000083d00000| Untracked 
|  46|0x0000000083e00000, 0x0000000083e00000, 0x0000000083f00000|  0%| F|  |TAMS 0x0000000083e00000, 0x0000000083e00000| Untracked 
|  47|0x0000000083f00000, 0x0000000083f00000, 0x0000000084000000|  0%| F|  |TAMS 0x0000000083f00000, 0x0000000083f00000| Untracked 
|  48|0x0000000084000000, 0x0000000084000000, 0x0000000084100000|  0%| F|  |TAMS 0x0000000084000000, 0x0000000084000000| Untracked 
|  49|0x0000000084100000, 0x0000000084100000, 0x0000000084200000|  0%| F|  |TAMS 0x0000000084100000, 0x0000000084100000| Untracked 
|  50|0x0000000084200000, 0x0000000084200000, 0x0000000084300000|  0%| F|  |TAMS 0x0000000084200000, 0x0000000084200000| Untracked 
|  51|0x0000000084300000, 0x0000000084300000, 0x0000000084400000|  0%| F|  |TAMS 0x0000000084300000, 0x0000000084300000| Untracked 
|  52|0x0000000084400000, 0x0000000084400000, 0x0000000084500000|  0%| F|  |TAMS 0x0000000084400000, 0x0000000084400000| Untracked 
|  53|0x0000000084500000, 0x0000000084500000, 0x0000000084600000|  0%| F|  |TAMS 0x0000000084500000, 0x0000000084500000| Untracked 
|  54|0x0000000084600000, 0x0000000084600000, 0x0000000084700000|  0%| F|  |TAMS 0x0000000084600000, 0x0000000084600000| Untracked 
|  55|0x0000000084700000, 0x0000000084700000, 0x0000000084800000|  0%| F|  |TAMS 0x0000000084700000, 0x0000000084700000| Untracked 
|  56|0x0000000084800000, 0x0000000084800000, 0x0000000084900000|  0%| F|  |TAMS 0x0000000084800000, 0x0000000084800000| Untracked 
|  57|0x0000000084900000, 0x0000000084900000, 0x0000000084a00000|  0%| F|  |TAMS 0x0000000084900000, 0x0000000084900000| Untracked 
|  58|0x0000000084a00000, 0x0000000084a00000, 0x0000000084b00000|  0%| F|  |TAMS 0x0000000084a00000, 0x0000000084a00000| Untracked 
|  59|0x0000000084b00000, 0x0000000084b00000, 0x0000000084c00000|  0%| F|  |TAMS 0x0000000084b00000, 0x0000000084b00000| Untracked 
|  60|0x0000000084c00000, 0x0000000084c00000, 0x0000000084d00000|  0%| F|  |TAMS 0x0000000084c00000, 0x0000000084c00000| Untracked 
|  61|0x0000000084d00000, 0x0000000084d00000, 0x0000000084e00000|  0%| F|  |TAMS 0x0000000084d00000, 0x0000000084d00000| Untracked 
|  62|0x0000000084e00000, 0x0000000084e00000, 0x0000000084f00000|  0%| F|  |TAMS 0x0000000084e00000, 0x0000000084e00000| Untracked 
|  63|0x0000000084f00000, 0x0000000084f00000, 0x0000000085000000|  0%| F|  |TAMS 0x0000000084f00000, 0x0000000084f00000| Untracked 
|  64|0x0000000085000000, 0x0000000085000000, 0x0000000085100000|  0%| F|  |TAMS 0x0000000085000000, 0x0000000085000000| Untracked 
|  65|0x0000000085100000, 0x0000000085100000, 0x0000000085200000|  0%| F|  |TAMS 0x0000000085100000, 0x0000000085100000| Untracked 
|  66|0x0000000085200000, 0x0000000085200000, 0x0000000085300000|  0%| F|  |TAMS 0x0000000085200000, 0x0000000085200000| Untracked 
|  67|0x0000000085300000, 0x0000000085300000, 0x0000000085400000|  0%| F|  |TAMS 0x0000000085300000, 0x0000000085300000| Untracked 
|  68|0x0000000085400000, 0x0000000085400000, 0x0000000085500000|  0%| F|  |TAMS 0x0000000085400000, 0x0000000085400000| Untracked 
|  69|0x0000000085500000, 0x0000000085500000, 0x0000000085600000|  0%| F|  |TAMS 0x0000000085500000, 0x0000000085500000| Untracked 
|  70|0x0000000085600000, 0x0000000085600000, 0x0000000085700000|  0%| F|  |TAMS 0x0000000085600000, 0x0000000085600000| Untracked 
|  71|0x0000000085700000, 0x0000000085700000, 0x0000000085800000|  0%| F|  |TAMS 0x0000000085700000, 0x0000000085700000| Untracked 
|  72|0x0000000085800000, 0x0000000085800000, 0x0000000085900000|  0%| F|  |TAMS 0x0000000085800000, 0x0000000085800000| Untracked 
|  73|0x0000000085900000, 0x0000000085900000, 0x0000000085a00000|  0%| F|  |TAMS 0x0000000085900000, 0x0000000085900000| Untracked 
|  74|0x0000000085a00000, 0x0000000085a00000, 0x0000000085b00000|  0%| F|  |TAMS 0x0000000085a00000, 0x0000000085a00000| Untracked 
|  75|0x0000000085b00000, 0x0000000085b00000, 0x0000000085c00000|  0%| F|  |TAMS 0x0000000085b00000, 0x0000000085b00000| Untracked 
|  76|0x0000000085c00000, 0x0000000085c00000, 0x0000000085d00000|  0%| F|  |TAMS 0x0000000085c00000, 0x0000000085c00000| Untracked 
|  77|0x0000000085d00000, 0x0000000085d00000, 0x0000000085e00000|  0%| F|  |TAMS 0x0000000085d00000, 0x0000000085d00000| Untracked 
|  78|0x0000000085e00000, 0x0000000085e00000, 0x0000000085f00000|  0%| F|  |TAMS 0x0000000085e00000, 0x0000000085e00000| Untracked 
|  79|0x0000000085f00000, 0x0000000085f00000, 0x0000000086000000|  0%| F|  |TAMS 0x0000000085f00000, 0x0000000085f00000| Untracked 
|  80|0x0000000086000000, 0x0000000086000000, 0x0000000086100000|  0%| F|  |TAMS 0x0000000086000000, 0x0000000086000000| Untracked 
|  81|0x0000000086100000, 0x0000000086100000, 0x0000000086200000|  0%| F|  |TAMS 0x0000000086100000, 0x0000000086100000| Untracked 
|  82|0x0000000086200000, 0x0000000086200000, 0x0000000086300000|  0%| F|  |TAMS 0x0000000086200000, 0x0000000086200000| Untracked 
|  83|0x0000000086300000, 0x0000000086300000, 0x0000000086400000|  0%| F|  |TAMS 0x0000000086300000, 0x0000000086300000| Untracked 
|  84|0x0000000086400000, 0x0000000086400000, 0x0000000086500000|  0%| F|  |TAMS 0x0000000086400000, 0x0000000086400000| Untracked 
|  85|0x0000000086500000, 0x0000000086500000, 0x0000000086600000|  0%| F|  |TAMS 0x0000000086500000, 0x0000000086500000| Untracked 
|  86|0x0000000086600000, 0x0000000086600000, 0x0000000086700000|  0%| F|  |TAMS 0x0000000086600000, 0x0000000086600000| Untracked 
|  87|0x0000000086700000, 0x0000000086700000, 0x0000000086800000|  0%| F|  |TAMS 0x0000000086700000, 0x0000000086700000| Untracked 
|  88|0x0000000086800000, 0x0000000086800000, 0x0000000086900000|  0%| F|  |TAMS 0x0000000086800000, 0x0000000086800000| Untracked 
|  89|0x0000000086900000, 0x0000000086900000, 0x0000000086a00000|  0%| F|  |TAMS 0x0000000086900000, 0x0000000086900000| Untracked 
|  90|0x0000000086a00000, 0x0000000086a00000, 0x0000000086b00000|  0%| F|  |TAMS 0x0000000086a00000, 0x0000000086a00000| Untracked 
|  91|0x0000000086b00000, 0x0000000086b00000, 0x0000000086c00000|  0%| F|  |TAMS 0x0000000086b00000, 0x0000000086b00000| Untracked 
|  92|0x0000000086c00000, 0x0000000086c00000, 0x0000000086d00000|  0%| F|  |TAMS 0x0000000086c00000, 0x0000000086c00000| Untracked 
|  93|0x0000000086d00000, 0x0000000086d00000, 0x0000000086e00000|  0%| F|  |TAMS 0x0000000086d00000, 0x0000000086d00000| Untracked 
|  94|0x0000000086e00000, 0x0000000086e00000, 0x0000000086f00000|  0%| F|  |TAMS 0x0000000086e00000, 0x0000000086e00000| Untracked 
|  95|0x0000000086f00000, 0x0000000086f00000, 0x0000000087000000|  0%| F|  |TAMS 0x0000000086f00000, 0x0000000086f00000| Untracked 
|  96|0x0000000087000000, 0x0000000087000000, 0x0000000087100000|  0%| F|  |TAMS 0x0000000087000000, 0x0000000087000000| Untracked 
|  97|0x0000000087100000, 0x0000000087100000, 0x0000000087200000|  0%| F|  |TAMS 0x0000000087100000, 0x0000000087100000| Untracked 
|  98|0x0000000087200000, 0x0000000087200000, 0x0000000087300000|  0%| F|  |TAMS 0x0000000087200000, 0x0000000087200000| Untracked 
|  99|0x0000000087300000, 0x0000000087300000, 0x0000000087400000|  0%| F|  |TAMS 0x0000000087300000, 0x0000000087300000| Untracked 
| 100|0x0000000087400000, 0x0000000087400000, 0x0000000087500000|  0%| F|  |TAMS 0x0000000087400000, 0x0000000087400000| Untracked 
| 101|0x0000000087500000, 0x0000000087500000, 0x0000000087600000|  0%| F|  |TAMS 0x0000000087500000, 0x0000000087500000| Untracked 
| 102|0x0000000087600000, 0x0000000087600000, 0x0000000087700000|  0%| F|  |TAMS 0x0000000087600000, 0x0000000087600000| Untracked 
| 103|0x0000000087700000, 0x0000000087700000, 0x0000000087800000|  0%| F|  |TAMS 0x0000000087700000, 0x0000000087700000| Untracked 
| 104|0x0000000087800000, 0x0000000087800000, 0x0000000087900000|  0%| F|  |TAMS 0x0000000087800000, 0x0000000087800000| Untracked 
| 105|0x0000000087900000, 0x0000000087900000, 0x0000000087a00000|  0%| F|  |TAMS 0x0000000087900000, 0x0000000087900000| Untracked 
| 106|0x0000000087a00000, 0x0000000087a00000, 0x0000000087b00000|  0%| F|  |TAMS 0x0000000087a00000, 0x0000000087a00000| Untracked 
| 107|0x0000000087b00000, 0x0000000087b00000, 0x0000000087c00000|  0%| F|  |TAMS 0x0000000087b00000, 0x0000000087b00000| Untracked 
| 108|0x0000000087c00000, 0x0000000087c00000, 0x0000000087d00000|  0%| F|  |TAMS 0x0000000087c00000, 0x0000000087c00000| Untracked 
| 109|0x0000000087d00000, 0x0000000087d00000, 0x0000000087e00000|  0%| F|  |TAMS 0x0000000087d00000, 0x0000000087d00000| Untracked 
| 110|0x0000000087e00000, 0x0000000087e00000, 0x0000000087f00000|  0%| F|  |TAMS 0x0000000087e00000, 0x0000000087e00000| Untracked 
| 111|0x0000000087f00000, 0x0000000087f00000, 0x0000000088000000|  0%| F|  |TAMS 0x0000000087f00000, 0x0000000087f00000| Untracked 
| 112|0x0000000088000000, 0x0000000088000000, 0x0000000088100000|  0%| F|  |TAMS 0x0000000088000000, 0x0000000088000000| Untracked 
| 113|0x0000000088100000, 0x0000000088100000, 0x0000000088200000|  0%| F|  |TAMS 0x0000000088100000, 0x0000000088100000| Untracked 
| 114|0x0000000088200000, 0x0000000088200000, 0x0000000088300000|  0%| F|  |TAMS 0x0000000088200000, 0x0000000088200000| Untracked 
| 115|0x0000000088300000, 0x0000000088300000, 0x0000000088400000|  0%| F|  |TAMS 0x0000000088300000, 0x0000000088300000| Untracked 
| 116|0x0000000088400000, 0x0000000088400000, 0x0000000088500000|  0%| F|  |TAMS 0x0000000088400000, 0x0000000088400000| Untracked 
| 117|0x0000000088500000, 0x0000000088600000, 0x0000000088600000|100%| E|  |TAMS 0x0000000088500000, 0x0000000088500000| Complete 
| 118|0x0000000088600000, 0x0000000088700000, 0x0000000088700000|100%| E|  |TAMS 0x0000000088600000, 0x0000000088600000| Complete 
| 119|0x0000000088700000, 0x0000000088800000, 0x0000000088800000|100%| E|CS|TAMS 0x0000000088700000, 0x0000000088700000| Complete 
| 120|0x0000000088800000, 0x0000000088900000, 0x0000000088900000|100%| E|CS|TAMS 0x0000000088800000, 0x0000000088800000| Complete 
| 121|0x0000000088900000, 0x0000000088a00000, 0x0000000088a00000|100%| E|CS|TAMS 0x0000000088900000, 0x0000000088900000| Complete 
| 122|0x0000000088a00000, 0x0000000088b00000, 0x0000000088b00000|100%| E|CS|TAMS 0x0000000088a00000, 0x0000000088a00000| Complete 
| 123|0x0000000088b00000, 0x0000000088c00000, 0x0000000088c00000|100%| E|CS|TAMS 0x0000000088b00000, 0x0000000088b00000| Complete 
| 124|0x0000000088c00000, 0x0000000088d00000, 0x0000000088d00000|100%| E|CS|TAMS 0x0000000088c00000, 0x0000000088c00000| Complete 
| 125|0x0000000088d00000, 0x0000000088e00000, 0x0000000088e00000|100%| E|CS|TAMS 0x0000000088d00000, 0x0000000088d00000| Complete 
| 126|0x0000000088e00000, 0x0000000088f00000, 0x0000000088f00000|100%| E|CS|TAMS 0x0000000088e00000, 0x0000000088e00000| Complete 
| 127|0x0000000088f00000, 0x0000000089000000, 0x0000000089000000|100%| E|CS|TAMS 0x0000000088f00000, 0x0000000088f00000| Complete 

Card table byte_map: [0x00000233394f0000,0x00000233398f0000] _byte_map_base: 0x00000233390e8000

Marking Bits (Prev, Next): (CMBitMap*) 0x0000023321e40190, (CMBitMap*) 0x0000023321e401d0
 Prev Bits: [0x0000023339cf0000, 0x000002333bcb0000)
 Next Bits: [0x000002333bcb0000, 0x000002333dc70000)

Polling page: 0x00000233215b0000

Metaspace:

Usage:
  Non-class:      4.97 MB used.
      Class:    277.45 KB used.
       Both:      5.24 MB used.

Virtual space:
  Non-class space:       64.00 MB reserved,       5.06 MB (  8%) committed,  1 nodes.
      Class space:        1.00 GB reserved,     384.00 KB ( <1%) committed,  1 nodes.
             Both:        1.06 GB reserved,       5.44 MB ( <1%) committed. 

Chunk freelists:
   Non-Class:  976.00 KB
       Class:  3.61 MB
        Both:  4.56 MB

MaxMetaspaceSize: unlimited
CompressedClassSpaceSize: 1.00 GB
Initial GC threshold: 21.00 MB
Current GC threshold: 21.00 MB
CDS: on
MetaspaceReclaimPolicy: balanced
 - commit_granule_bytes: 65536.
 - commit_granule_words: 8192.
 - virtual_space_node_default_size: 8388608.
 - enlarge_chunks_in_place: 1.
 - new_chunks_are_fully_committed: 0.
 - uncommit_free_chunks: 1.
 - use_allocation_guard: 0.


Internal statistics:

num_allocs_failed_limit: 0.
num_arena_births: 82.
num_arena_deaths: 0.
num_vsnodes_births: 2.
num_vsnodes_deaths: 0.
num_space_committed: 85.
num_space_uncommitted: 0.
num_chunks_returned_to_freelist: 0.
num_chunks_taken_from_freelist: 212.
num_chunk_merges: 0.
num_chunk_splits: 146.
num_chunks_enlarged: 106.
num_inconsistent_stats: 0.

CodeHeap 'non-profiled nmethods': size=120000Kb used=229Kb max_used=229Kb free=119770Kb
 bounds [0x0000023331aa0000, 0x0000023331d10000, 0x0000023338fd0000]
CodeHeap 'profiled nmethods': size=120000Kb used=1139Kb max_used=1139Kb free=118860Kb
 bounds [0x0000023329fd0000, 0x000002332a240000, 0x0000023331500000]
CodeHeap 'non-nmethods': size=5760Kb used=1744Kb max_used=1759Kb free=4015Kb
 bounds [0x0000023331500000, 0x0000023331770000, 0x0000023331aa0000]
 total_blobs=1867 nmethods=756 adapters=1022
 compilation: enabled
              stopped_count=0, restarted_count=0
 full_count=0

Compilation events (20 events):
Event: 0.584 Thread 0x00000233404b60b0  747       3       java.lang.String::indexOf (113 bytes)
Event: 0.584 Thread 0x00000233404b60b0 nmethod 747 0x000002332a0e3b90 code [0x000002332a0e3dc0, 0x000002332a0e43e8]
Event: 0.584 Thread 0x00000233404b60b0  748       1       java.util.zip.ZipEntry::getSize (5 bytes)
Event: 0.584 Thread 0x00000233404b60b0 nmethod 748 0x0000023331ad8c90 code [0x0000023331ad8e20, 0x0000023331ad8ed8]
Event: 0.586 Thread 0x00000233404b60b0  749   !   3       java.util.zip.ZipFile$ZipFileInputStream::read (135 bytes)
Event: 0.586 Thread 0x00000233404b60b0 nmethod 749 0x000002332a0e4590 code [0x000002332a0e47a0, 0x000002332a0e4e38]
Event: 0.587 Thread 0x00000233404b60b0  750       3       java.util.zip.ZipFile::ensureOpenOrZipException (19 bytes)
Event: 0.587 Thread 0x00000233404b60b0 nmethod 750 0x000002332a0e5190 code [0x000002332a0e5340, 0x000002332a0e5508]
Event: 0.588 Thread 0x00000233404b60b0  751       3       java.io.InputStream::<init> (5 bytes)
Event: 0.588 Thread 0x00000233404b60b0 nmethod 751 0x000002332a0e5610 code [0x000002332a0e57c0, 0x000002332a0e5918]
Event: 0.589 Thread 0x000002334048cff0  752       4       java.lang.String::startsWith (138 bytes)
Event: 0.589 Thread 0x00000233404b60b0  753       3       java.util.ArrayDeque::elementAt (4 bytes)
Event: 0.589 Thread 0x00000233404b60b0 nmethod 753 0x000002332a0e5a10 code [0x000002332a0e5ba0, 0x000002332a0e5cb8]
Event: 0.591 Thread 0x00000233404b60b0  755   !   3       java.net.URL::<init> (543 bytes)
Event: 0.593 Thread 0x000002334048cff0 nmethod 752 0x0000023331ad8f90 code [0x0000023331ad9120, 0x0000023331ad9418]
Event: 0.594 Thread 0x00000233404b60b0 nmethod 755 0x000002332a0e5d90 code [0x000002332a0e63a0, 0x000002332a0e9878]
Event: 0.594 Thread 0x00000233404b60b0  754       3       java.net.URL::<init> (8 bytes)
Event: 0.594 Thread 0x00000233404b60b0 nmethod 754 0x000002332a0eb690 code [0x000002332a0eb840, 0x000002332a0eb988]
Event: 0.594 Thread 0x00000233404b60b0  756       3       java.net.URLStreamHandler::setURL (73 bytes)
Event: 0.594 Thread 0x00000233404b60b0 nmethod 756 0x000002332a0eba10 code [0x000002332a0ebca0, 0x000002332a0ec938]

GC Heap History (0 events):
No events

Dll operation events (14 events):
Event: 0.007 Loaded shared library C:\Users\Gabriel\.jdks\corretto-19.0.2\bin\java.dll
Event: 0.015 Loaded shared library C:\Users\Gabriel\.jdks\corretto-19.0.2\bin\jsvml.dll
Event: 0.065 Loaded shared library C:\Users\Gabriel\.jdks\corretto-19.0.2\bin\zip.dll
Event: 0.067 Loaded shared library C:\Users\Gabriel\.jdks\corretto-19.0.2\bin\instrument.dll
Event: 0.071 Loaded shared library C:\Users\Gabriel\.jdks\corretto-19.0.2\bin\net.dll
Event: 0.073 Loaded shared library C:\Users\Gabriel\.jdks\corretto-19.0.2\bin\nio.dll
Event: 0.075 Loaded shared library C:\Users\Gabriel\.jdks\corretto-19.0.2\bin\zip.dll
Event: 0.095 Loaded shared library C:\Program Files\JetBrains\IntelliJ IDEA Community Edition 2023.2\bin\breakgen64.dll
Event: 0.102 Loaded shared library C:\Users\Gabriel\.jdks\corretto-19.0.2\bin\extnet.dll
Event: 0.119 Loaded shared library C:\Users\Gabriel\.jdks\corretto-19.0.2\bin\jimage.dll
Event: 0.136 Loaded shared library C:\Users\Gabriel\AppData\Local\Temp\lwjgl_Gabriel\3.3.3+5\x64\lwjgl.dll
Event: 0.414 Loaded shared library C:\Users\Gabriel\AppData\Local\Temp\lwjgl_Gabriel\3.3.3+5\x64\lwjgl_opengl.dll
Event: 0.498 Loaded shared library C:\Users\Gabriel\.jdks\corretto-19.0.2\bin\verify.dll
Event: 0.511 Loaded shared library C:\Users\Gabriel\AppData\Local\Temp\lwjgl_Gabriel\3.3.3+5\x64\lwjgl_stb.dll

Deoptimization events (20 events):
Event: 0.195 Thread 0x0000023321de0760 DEOPT PACKING pc=0x000002332a06864a sp=0x000000e84c2fe000
Event: 0.195 Thread 0x0000023321de0760 DEOPT UNPACKING pc=0x0000023331567543 sp=0x000000e84c2fd478 mode 0
Event: 0.195 Thread 0x0000023321de0760 DEOPT PACKING pc=0x000002332a06864a sp=0x000000e84c2fe000
Event: 0.195 Thread 0x0000023321de0760 DEOPT UNPACKING pc=0x0000023331567543 sp=0x000000e84c2fd478 mode 0
Event: 0.195 Thread 0x0000023321de0760 DEOPT PACKING pc=0x000002332a06864a sp=0x000000e84c2fe000
Event: 0.195 Thread 0x0000023321de0760 DEOPT UNPACKING pc=0x0000023331567543 sp=0x000000e84c2fd478 mode 0
Event: 0.195 Thread 0x0000023321de0760 DEOPT PACKING pc=0x000002332a06864a sp=0x000000e84c2fe000
Event: 0.195 Thread 0x0000023321de0760 DEOPT UNPACKING pc=0x0000023331567543 sp=0x000000e84c2fd478 mode 0
Event: 0.195 Thread 0x0000023321de0760 DEOPT PACKING pc=0x000002332a068759 sp=0x000000e84c2fe000
Event: 0.195 Thread 0x0000023321de0760 DEOPT UNPACKING pc=0x0000023331567543 sp=0x000000e84c2fd478 mode 0
Event: 0.195 Thread 0x0000023321de0760 DEOPT PACKING pc=0x000002332a06864a sp=0x000000e84c2fe000
Event: 0.195 Thread 0x0000023321de0760 DEOPT UNPACKING pc=0x0000023331567543 sp=0x000000e84c2fd478 mode 0
Event: 0.424 Thread 0x0000023321de0760 Uncommon trap: trap_request=0xffffff54 fr.pc=0x0000023331aceb00 relative=0x0000000000000060
Event: 0.424 Thread 0x0000023321de0760 Uncommon trap: reason=speculate_null_assert action=make_not_entrant pc=0x0000023331aceb00 method=sun.misc.Unsafe.putLong(Ljava/lang/Object;JJ)V @ 7 c2
Event: 0.424 Thread 0x0000023321de0760 DEOPT PACKING pc=0x0000023331aceb00 sp=0x000000e84c2fedb0
Event: 0.424 Thread 0x0000023321de0760 DEOPT UNPACKING pc=0x0000023331566da3 sp=0x000000e84c2fed28 mode 2
Event: 0.447 Thread 0x0000023321de0760 Uncommon trap: trap_request=0xffffff54 fr.pc=0x0000023331ad03fc relative=0x000000000000005c
Event: 0.447 Thread 0x0000023321de0760 Uncommon trap: reason=speculate_null_assert action=make_not_entrant pc=0x0000023331ad03fc method=sun.misc.Unsafe.getLong(Ljava/lang/Object;J)J @ 5 c2
Event: 0.447 Thread 0x0000023321de0760 DEOPT PACKING pc=0x0000023331ad03fc sp=0x000000e84c2fed40
Event: 0.447 Thread 0x0000023321de0760 DEOPT UNPACKING pc=0x0000023331566da3 sp=0x000000e84c2fecc8 mode 2

Classes loaded (20 events):
Event: 0.183 Loading class java/nio/BufferUnderflowException
Event: 0.183 Loading class java/nio/BufferUnderflowException done
Event: 0.184 Loading class java/lang/IndexOutOfBoundsException
Event: 0.184 Loading class java/lang/IndexOutOfBoundsException done
Event: 0.416 Loading class jdk/internal/foreign/MemorySessionImpl
Event: 0.416 Loading class java/lang/foreign/MemorySession
Event: 0.416 Loading class java/lang/foreign/SegmentAllocator
Event: 0.416 Loading class java/lang/foreign/SegmentAllocator done
Event: 0.416 Loading class java/lang/foreign/MemorySession done
Event: 0.416 Loading class jdk/internal/foreign/MemorySessionImpl done
Event: 0.420 Loading class java/util/Formatter$FixedString
Event: 0.420 Loading class java/util/Formatter$FixedString done
Event: 0.484 Loading class sun/net/ProgressMonitor
Event: 0.485 Loading class sun/net/ProgressMonitor done
Event: 0.485 Loading class sun/net/DefaultProgressMeteringPolicy
Event: 0.485 Loading class sun/net/ProgressMeteringPolicy
Event: 0.485 Loading class sun/net/ProgressMeteringPolicy done
Event: 0.485 Loading class sun/net/DefaultProgressMeteringPolicy done
Event: 0.496 Loading class java/io/Externalizable
Event: 0.496 Loading class java/io/Externalizable done

Classes unloaded (0 events):
No events

Classes redefined (0 events):
No events

Internal exceptions (20 events):
Event: 0.170 Thread 0x0000023321de0760 Exception <a 'sun/nio/fs/WindowsException'{0x0000000088a50550}> (0x0000000088a50550) 
thrown [s\src\hotspot\share\prims\jni.cpp, line 517]
Event: 0.170 Thread 0x0000023321de0760 Exception <a 'sun/nio/fs/WindowsException'{0x0000000088a508d0}> (0x0000000088a508d0) 
thrown [s\src\hotspot\share\prims\jni.cpp, line 517]
Event: 0.174 Thread 0x0000023321de0760 Exception <a 'java/lang/NoSuchMethodError'{0x0000000088a80f88}: 'java.lang.Object java.lang.invoke.DirectMethodHandle$Holder.invokeStaticInit(java.lang.Object)'> (0x0000000088a80f88) 
thrown [s\src\hotspot\share\interpreter\linkResolver.cpp, line 774]
Event: 0.179 Thread 0x0000023321de0760 Exception <a 'java/lang/NoSuchMethodError'{0x0000000088aa1648}: 'int java.lang.invoke.DirectMethodHandle$Holder.invokeStaticInit(java.lang.Object, java.lang.Object, int, long)'> (0x0000000088aa1648) 
thrown [s\src\hotspot\share\interpreter\linkResolver.cpp, line 774]
Event: 0.179 Thread 0x0000023321de0760 Exception <a 'java/lang/NoSuchMethodError'{0x0000000088aa6f18}: 'java.lang.Object java.lang.invoke.DirectMethodHandle$Holder.newInvokeSpecial(java.lang.Object, java.lang.Object, int)'> (0x0000000088aa6f18) 
thrown [s\src\hotspot\share\interpreter\linkResolver.cpp, line 774]
Event: 0.181 Thread 0x0000023321de0760 Exception <a 'java/lang/NoSuchMethodError'{0x0000000088ab5948}: 'int java.lang.invoke.DirectMethodHandle$Holder.invokeStaticInit(java.lang.Object, java.lang.Object, long, long)'> (0x0000000088ab5948) 
thrown [s\src\hotspot\share\interpreter\linkResolver.cpp, line 774]
Event: 0.181 Thread 0x0000023321de0760 Exception <a 'java/lang/NoSuchMethodError'{0x0000000088abba60}: 'java.lang.Object java.lang.invoke.DirectMethodHandle$Holder.newInvokeSpecial(java.lang.Object, java.lang.Object, long)'> (0x0000000088abba60) 
thrown [s\src\hotspot\share\interpreter\linkResolver.cpp, line 774]
Event: 0.182 Thread 0x0000023321de0760 Exception <a 'java/lang/NoSuchMethodError'{0x0000000088abfac0}: 'java.lang.Object java.lang.invoke.Invokers$Holder.linkToTargetMethod(java.lang.Object, long, java.lang.Object)'> (0x0000000088abfac0) 
thrown [s\src\hotspot\share\interpreter\linkResolver.cpp, line 774]
Event: 0.182 Thread 0x0000023321de0760 Exception <a 'java/lang/NoSuchMethodError'{0x0000000088ac7048}: 'int java.lang.invoke.DirectMethodHandle$Holder.invokeStaticInit(java.lang.Object, java.lang.Object, java.lang.Object, long)'> (0x0000000088ac7048) 
thrown [s\src\hotspot\share\interpreter\linkResolver.cpp, line 774]
Event: 0.409 Thread 0x0000023321de0760 Exception <a 'java/lang/NoSuchMethodError'{0x00000000889480d8}: 'void java.lang.System.load(java.lang.String, java.lang.Class)'> (0x00000000889480d8) 
thrown [s\src\hotspot\share\interpreter\linkResolver.cpp, line 774]
Event: 0.410 Thread 0x0000023321de0760 Exception <a 'java/lang/NoSuchMethodError'{0x000000008894aee0}: 'void java.lang.System.loadLibrary(java.lang.String, java.lang.Class)'> (0x000000008894aee0) 
thrown [s\src\hotspot\share\interpreter\linkResolver.cpp, line 774]
Event: 0.413 Thread 0x0000023321de0760 Exception <a 'sun/nio/fs/WindowsException'{0x000000008895b170}> (0x000000008895b170) 
thrown [s\src\hotspot\share\prims\jni.cpp, line 517]
Event: 0.413 Thread 0x0000023321de0760 Exception <a 'sun/nio/fs/WindowsException'{0x000000008895b528}> (0x000000008895b528) 
thrown [s\src\hotspot\share\prims\jni.cpp, line 517]
Event: 0.418 Thread 0x0000023321de0760 Exception <a 'sun/nio/fs/WindowsException'{0x0000000088964ed8}> (0x0000000088964ed8) 
thrown [s\src\hotspot\share\prims\jni.cpp, line 517]
Event: 0.418 Thread 0x0000023321de0760 Exception <a 'sun/nio/fs/WindowsException'{0x00000000889651c8}> (0x00000000889651c8) 
thrown [s\src\hotspot\share\prims\jni.cpp, line 517]
Event: 0.477 Thread 0x0000023321de0760 Exception <a 'java/lang/NoSuchMethodError'{0x00000000888d0a68}: 'void java.lang.invoke.DirectMethodHandle$Holder.invokeStatic(java.lang.Object, long, int, int)'> (0x00000000888d0a68) 
thrown [s\src\hotspot\share\interpreter\linkResolver.cpp, line 774]
Event: 0.505 Thread 0x0000023321de0760 Exception <a 'java/lang/NoSuchMethodError'{0x000000008862a508}: 'void java.lang.System.load(java.lang.String, java.lang.Class)'> (0x000000008862a508) 
thrown [s\src\hotspot\share\interpreter\linkResolver.cpp, line 774]
Event: 0.505 Thread 0x0000023321de0760 Exception <a 'java/lang/NoSuchMethodError'{0x000000008862d318}: 'void java.lang.System.loadLibrary(java.lang.String, java.lang.Class)'> (0x000000008862d318) 
thrown [s\src\hotspot\share\interpreter\linkResolver.cpp, line 774]
Event: 0.510 Thread 0x0000023321de0760 Exception <a 'sun/nio/fs/WindowsException'{0x000000008863d5e8}> (0x000000008863d5e8) 
thrown [s\src\hotspot\share\prims\jni.cpp, line 517]
Event: 0.510 Thread 0x0000023321de0760 Exception <a 'sun/nio/fs/WindowsException'{0x000000008863d978}> (0x000000008863d978) 
thrown [s\src\hotspot\share\prims\jni.cpp, line 517]

VM Operations (4 events):
Event: 0.058 Executing VM operation: HandshakeAllThreads
Event: 0.058 Executing VM operation: HandshakeAllThreads done
Event: 0.098 Executing VM operation: HandshakeAllThreads
Event: 0.098 Executing VM operation: HandshakeAllThreads done

Events (15 events):
Event: 0.015 Thread 0x0000023321de0760 Thread added: 0x0000023321de0760
Event: 0.026 Thread 0x0000023340480be0 Thread added: 0x0000023340480be0
Event: 0.026 Thread 0x0000023340481f80 Thread added: 0x0000023340481f80
Event: 0.026 Thread 0x0000023340485860 Thread added: 0x0000023340485860
Event: 0.026 Thread 0x0000023340486390 Thread added: 0x0000023340486390
Event: 0.026 Thread 0x0000023340489a20 Thread added: 0x0000023340489a20
Event: 0.026 Thread 0x000002334048ffe0 Thread added: 0x000002334048ffe0
Event: 0.026 Thread 0x000002334048cff0 Thread added: 0x000002334048cff0
Event: 0.026 Thread 0x00000233404b60b0 Thread added: 0x00000233404b60b0
Event: 0.026 Thread 0x00000233404b9b80 Thread added: 0x00000233404b9b80
Event: 0.053 Thread 0x00000233448cb8e0 Thread added: 0x00000233448cb8e0
Event: 0.096 Thread 0x00000233448c9900 Thread added: 0x00000233448c9900
Event: 0.096 Thread 0x00000233448ca3a0 Thread added: 0x00000233448ca3a0
Event: 0.165 Thread 0x0000023344c08c60 Thread added: 0x0000023344c08c60
Event: 0.407 Thread 0x0000023344c08c60 Thread exited: 0x0000023344c08c60


Dynamic libraries:
0x00007ff7a77f0000 - 0x00007ff7a77fd000 	C:\Users\Gabriel\.jdks\corretto-19.0.2\bin\java.exe
0x00007ffaeab10000 - 0x00007ffaead08000 	C:\Windows\SYSTEM32\ntdll.dll
0x00007ffae97c0000 - 0x00007ffae987d000 	C:\Windows\System32\KERNEL32.DLL
0x00007ffae81c0000 - 0x00007ffae84b6000 	C:\Windows\System32\KERNELBASE.dll
0x00007ffae84c0000 - 0x00007ffae85c0000 	C:\Windows\System32\ucrtbase.dll
0x00007ffacd930000 - 0x00007ffacd947000 	C:\Users\Gabriel\.jdks\corretto-19.0.2\bin\jli.dll
0x00007ffada6e0000 - 0x00007ffada6f5000 	C:\Users\Gabriel\.jdks\corretto-19.0.2\bin\VCRUNTIME140.dll
0x00007ffae99c0000 - 0x00007ffae9b5f000 	C:\Windows\System32\USER32.dll
0x00007ffadd020000 - 0x00007ffadd2ba000 	C:\Windows\WinSxS\amd64_microsoft.windows.common-controls_6595b64144ccf1df_6.0.19041.4355_none_60b8b9eb71f62e16\COMCTL32.dll
0x00007ffae8ac0000 - 0x00007ffae8ae2000 	C:\Windows\System32\win32u.dll
0x00007ffae9ca0000 - 0x00007ffae9d3e000 	C:\Windows\System32\msvcrt.dll
0x00007ffaea7d0000 - 0x00007ffaea7fb000 	C:\Windows\System32\GDI32.dll
0x00007ffae89a0000 - 0x00007ffae8ab7000 	C:\Windows\System32\gdi32full.dll
0x00007ffae8720000 - 0x00007ffae87bd000 	C:\Windows\System32\msvcp_win.dll
0x00007ffae9ef0000 - 0x00007ffae9f22000 	C:\Windows\System32\IMM32.DLL
0x00007ffacaf80000 - 0x00007ffacb01b000 	C:\Users\Gabriel\.jdks\corretto-19.0.2\bin\msvcp140.dll
0x00007ffa98880000 - 0x00007ffa99559000 	C:\Users\Gabriel\.jdks\corretto-19.0.2\bin\server\jvm.dll
0x00007ffaeaa20000 - 0x00007ffaeaad0000 	C:\Windows\System32\ADVAPI32.dll
0x00007ffaea980000 - 0x00007ffaeaa20000 	C:\Windows\System32\sechost.dll
0x00007ffae9b60000 - 0x00007ffae9c83000 	C:\Windows\System32\RPCRT4.dll
0x00007ffae8970000 - 0x00007ffae8997000 	C:\Windows\System32\bcrypt.dll
0x00007ffac8e40000 - 0x00007ffac8e49000 	C:\Windows\SYSTEM32\WSOCK32.dll
0x00007ffad8ae0000 - 0x00007ffad8b07000 	C:\Windows\SYSTEM32\WINMM.dll
0x00007ffaea700000 - 0x00007ffaea76b000 	C:\Windows\System32\WS2_32.dll
0x00007ffae03d0000 - 0x00007ffae03da000 	C:\Windows\SYSTEM32\VERSION.dll
0x00007ffae6060000 - 0x00007ffae6072000 	C:\Windows\SYSTEM32\kernel.appcore.dll
0x00007ffae3660000 - 0x00007ffae366a000 	C:\Users\Gabriel\.jdks\corretto-19.0.2\bin\jimage.dll
0x00007ffad7670000 - 0x00007ffad7854000 	C:\Windows\SYSTEM32\DBGHELP.DLL
0x00007ffacd560000 - 0x00007ffacd594000 	C:\Windows\SYSTEM32\dbgcore.DLL
0x00007ffae87c0000 - 0x00007ffae8842000 	C:\Windows\System32\bcryptPrimitives.dll
0x00007ffad9940000 - 0x00007ffad994e000 	C:\Users\Gabriel\.jdks\corretto-19.0.2\bin\instrument.dll
0x00007ffacd900000 - 0x00007ffacd926000 	C:\Users\Gabriel\.jdks\corretto-19.0.2\bin\java.dll
0x00007ffacaea0000 - 0x00007ffacaf76000 	C:\Users\Gabriel\.jdks\corretto-19.0.2\bin\jsvml.dll
0x00007ffae8b50000 - 0x00007ffae92bb000 	C:\Windows\System32\SHELL32.dll
0x00007ffae6260000 - 0x00007ffae69fd000 	C:\Windows\SYSTEM32\windows.storage.dll
0x00007ffae9460000 - 0x00007ffae97b3000 	C:\Windows\System32\combase.dll
0x00007ffae7be0000 - 0x00007ffae7c0e000 	C:\Windows\SYSTEM32\Wldp.dll
0x00007ffae92e0000 - 0x00007ffae93ad000 	C:\Windows\System32\OLEAUT32.dll
0x00007ffae93b0000 - 0x00007ffae945d000 	C:\Windows\System32\SHCORE.dll
0x00007ffaea770000 - 0x00007ffaea7c5000 	C:\Windows\System32\shlwapi.dll
0x00007ffae80f0000 - 0x00007ffae8114000 	C:\Windows\SYSTEM32\profapi.dll
0x00007ffacd6d0000 - 0x00007ffacd6e8000 	C:\Users\Gabriel\.jdks\corretto-19.0.2\bin\zip.dll
0x00007ffacd8e0000 - 0x00007ffacd8f3000 	C:\Users\Gabriel\.jdks\corretto-19.0.2\bin\net.dll
0x00007ffae0fd0000 - 0x00007ffae10da000 	C:\Windows\SYSTEM32\WINHTTP.dll
0x00007ffae7940000 - 0x00007ffae79aa000 	C:\Windows\system32\mswsock.dll
0x00007ffacd8c0000 - 0x00007ffacd8d5000 	C:\Users\Gabriel\.jdks\corretto-19.0.2\bin\nio.dll
0x00007ffad94e0000 - 0x00007ffad94fa000 	C:\Program Files\JetBrains\IntelliJ IDEA Community Edition 2023.2\bin\breakgen64.dll
0x00007ffae3cb0000 - 0x00007ffae3cb8000 	C:\Users\Gabriel\.jdks\corretto-19.0.2\bin\extnet.dll
0x00007ffab6b30000 - 0x00007ffab6bab000 	C:\Users\Gabriel\AppData\Local\Temp\lwjgl_Gabriel\3.3.3+5\x64\lwjgl.dll
0x00007ffaab5a0000 - 0x00007ffaab622000 	C:\Users\Gabriel\AppData\Local\Temp\lwjgl_Gabriel\3.3.3+5\x64\glfw.dll
0x00007ffad0ec0000 - 0x00007ffad0f05000 	C:\Windows\SYSTEM32\dinput8.dll
0x00007ffa9c310000 - 0x00007ffa9c321000 	C:\Windows\SYSTEM32\xinput1_4.dll
0x00007ffae8af0000 - 0x00007ffae8b3e000 	C:\Windows\System32\cfgmgr32.dll
0x00007ffae7f40000 - 0x00007ffae7f73000 	C:\Windows\SYSTEM32\DEVOBJ.dll
0x00007ffae5e80000 - 0x00007ffae5eaf000 	C:\Windows\SYSTEM32\dwmapi.dll
0x00007ffad9d90000 - 0x00007ffad9ee2000 	C:\Windows\SYSTEM32\inputhost.dll
0x00007ffae56a0000 - 0x00007ffae5792000 	C:\Windows\SYSTEM32\CoreMessaging.dll
0x00007ffae3b70000 - 0x00007ffae3c66000 	C:\Windows\SYSTEM32\PROPSYS.dll
0x00007ffae4c70000 - 0x00007ffae4dc7000 	C:\Windows\SYSTEM32\wintypes.dll
0x00007ffae5340000 - 0x00007ffae569b000 	C:\Windows\SYSTEM32\CoreUIComponents.dll
0x00007ffae7310000 - 0x00007ffae7343000 	C:\Windows\SYSTEM32\ntmarta.dll
0x00007ffae5b90000 - 0x00007ffae5c2e000 	C:\Windows\system32\uxtheme.dll
0x00007ffaea800000 - 0x00007ffaea914000 	C:\Windows\System32\MSCTF.dll
0x00007ffa9cab0000 - 0x00007ffa9cbd5000 	C:\Windows\SYSTEM32\opengl32.dll
0x00007ffa9c9b0000 - 0x00007ffa9c9dc000 	C:\Windows\SYSTEM32\GLU32.dll
0x00007ffae9880000 - 0x00007ffae9929000 	C:\Windows\System32\clbcatq.dll
0x00007ffa6b710000 - 0x00007ffa6dcf5000 	C:\Windows\System32\DriverStore\FileRepository\nv_dispi.inf_amd64_5cf411dadcb5710d\nvoglv64.dll
0x00007ffaea0e0000 - 0x00007ffaea54e000 	C:\Windows\System32\SETUPAPI.dll
0x00007ffaea550000 - 0x00007ffaea67b000 	C:\Windows\System32\ole32.dll
0x00007ffae3e70000 - 0x00007ffae3e84000 	C:\Windows\SYSTEM32\WTSAPI32.dll
0x00007ffae7d70000 - 0x00007ffae7d82000 	C:\Windows\SYSTEM32\msasn1.dll
0x00007ffae0190000 - 0x00007ffae01c1000 	C:\Windows\SYSTEM32\cryptnet.dll
0x00007ffae85c0000 - 0x00007ffae871e000 	C:\Windows\System32\CRYPT32.dll
0x00007ffae7b50000 - 0x00007ffae7b5c000 	C:\Windows\SYSTEM32\cryptbase.dll
0x00007ffae0000000 - 0x00007ffae0147000 	C:\Windows\SYSTEM32\drvstore.dll
0x00007ffae8900000 - 0x00007ffae8967000 	C:\Windows\System32\WINTRUST.dll
0x00007ffae92c0000 - 0x00007ffae92dd000 	C:\Windows\System32\imagehlp.dll
0x00007ffae7b30000 - 0x00007ffae7b48000 	C:\Windows\SYSTEM32\CRYPTSP.dll
0x00007ffae71f0000 - 0x00007ffae7224000 	C:\Windows\system32\rsaenh.dll
0x00007ffada8a0000 - 0x00007ffadc6cf000 	C:\Windows\System32\DriverStore\FileRepository\nv_dispi.inf_amd64_5cf411dadcb5710d\nvgpucomp64.dll
0x00007ffadef80000 - 0x00007ffadefbb000 	C:\Windows\SYSTEM32\dxcore.dll
0x00007ffa7d140000 - 0x00007ffa7d410000 	C:\Windows\system32\nvspcap64.dll
0x00007ffae7740000 - 0x00007ffae778b000 	C:\Windows\SYSTEM32\powrprof.dll
0x00007ffae75b0000 - 0x00007ffae75c2000 	C:\Windows\SYSTEM32\UMPDC.dll
0x00007ffae7020000 - 0x00007ffae707b000 	C:\Windows\SYSTEM32\WINSTA.dll
0x00007ffad9c90000 - 0x00007ffad9d89000 	C:\Windows\SYSTEM32\textinputframework.dll
0x00007ffadcf20000 - 0x00007ffadcf86000 	C:\Windows\system32\Oleacc.dll
0x00007ffab6ad0000 - 0x00007ffab6b2e000 	C:\Users\Gabriel\AppData\Local\Temp\lwjgl_Gabriel\3.3.3+5\x64\lwjgl_opengl.dll
0x00007ffae3c70000 - 0x00007ffae3c80000 	C:\Users\Gabriel\.jdks\corretto-19.0.2\bin\verify.dll
0x00007ffaab230000 - 0x00007ffaab2b2000 	C:\Users\Gabriel\AppData\Local\Temp\lwjgl_Gabriel\3.3.3+5\x64\lwjgl_stb.dll

dbghelp: loaded successfully - version: 4.0.5 - missing functions: none
symbol engine: initialized successfully - sym options: 0x614 - pdb path: .;C:\Users\Gabriel\.jdks\corretto-19.0.2\bin;C:\Windows\SYSTEM32;C:\Windows\WinSxS\amd64_microsoft.windows.common-controls_6595b64144ccf1df_6.0.19041.4355_none_60b8b9eb71f62e16;C:\Users\Gabriel\.jdks\corretto-19.0.2\bin\server;C:\Program Files\JetBrains\IntelliJ IDEA Community Edition 2023.2\bin;C:\Users\Gabriel\AppData\Local\Temp\lwjgl_Gabriel\3.3.3+5\x64;C:\Windows\System32\DriverStore\FileRepository\nv_dispi.inf_amd64_5cf411dadcb5710d

VM Arguments:
jvm_args: -javaagent:C:\Program Files\JetBrains\IntelliJ IDEA Community Edition 2023.2\lib\idea_rt.jar=49750:C:\Program Files\JetBrains\IntelliJ IDEA Community Edition 2023.2\bin -Dfile.encoding=UTF-8 -Dsun.stdout.encoding=UTF-8 -Dsun.stderr.encoding=UTF-8 
java_command: main.game.Main
java_class_path (initial): C:\Users\Gabriel\Documents\Java_projects\Java2dGame\target\classes;C:\Users\Gabriel\.m2\repository\org\lwjgl\lwjgl\3.3.3\lwjgl-3.3.3.jar;C:\Users\Gabriel\.m2\repository\org\lwjgl\lwjgl-assimp\3.3.3\lwjgl-assimp-3.3.3.jar;C:\Users\Gabriel\.m2\repository\org\lwjgl\lwjgl-bgfx\3.3.3\lwjgl-bgfx-3.3.3.jar;C:\Users\Gabriel\.m2\repository\org\lwjgl\lwjgl-glfw\3.3.3\lwjgl-glfw-3.3.3.jar;C:\Users\Gabriel\.m2\repository\org\lwjgl\lwjgl-nanovg\3.3.3\lwjgl-nanovg-3.3.3.jar;C:\Users\Gabriel\.m2\repository\org\lwjgl\lwjgl-nuklear\3.3.3\lwjgl-nuklear-3.3.3.jar;C:\Users\Gabriel\.m2\repository\org\lwjgl\lwjgl-openal\3.3.3\lwjgl-openal-3.3.3.jar;C:\Users\Gabriel\.m2\repository\org\lwjgl\lwjgl-opengl\3.3.3\lwjgl-opengl-3.3.3.jar;C:\Users\Gabriel\.m2\repository\org\lwjgl\lwjgl-par\3.3.3\lwjgl-par-3.3.3.jar;C:\Users\Gabriel\.m2\repository\org\lwjgl\lwjgl-stb\3.3.3\lwjgl-stb-3.3.3.jar;C:\Users\Gabriel\.m2\repository\org\lwjgl\lwjgl-vulkan\3.3.3\lwjgl-vulkan-3.3.3.jar;C:\Users\Gabriel\.m2\repository\org\lwjgl\lwjgl\3.3.3\lwjgl-3.3.3-natives-windows.jar;C:\Users\Gabriel\.m2\repository\org\lwjgl\lwjgl-assimp\3.3.3\lwjgl-assimp-3.3.3-natives-windows.jar;C:\Users\Gabriel\.m2\repository\org\lwjgl\lwjgl-bgfx\3.3.3\lwjgl-bgfx-3.3.3-natives-windows.jar;C:\Users\Gabriel\.m2\repository\org\lwjgl\lwjgl-glfw\3.3.3\lwjgl-glfw-3.3.3-natives-windows.jar;C:\Users\Gabriel\.m2\repository\org\lwjgl\lwjgl-nanovg\3.3.3\lwjgl-nanovg-3.3.3-natives-windows.jar;C:\Users\Gabriel\.m2\repository\org\lwjgl\lwjgl-nuklear\3.3.3\lwjgl-nuklear-3.3.3-natives-windows.jar;C:\Users\Gabriel\.m2\repository\org\lwjgl\lwjgl-openal\3.3.3\lwjgl-openal-3.3.3-natives-windows.jar;C:\Users\Gabriel\.m2\repository\org\lwjgl\lwjgl-opengl\3.3.3\lwjgl-opengl-3.3.3-natives-windows.jar;C:\Users\Gabriel\.m2\repository\org\lwjgl\lwjgl-par\3.3.3\lwjgl-par-3.3.3-natives-windows.jar;C:\Users\Gabriel\.m2\repository\org\lwjgl\lwjgl-stb\3.3.3\lwjgl-stb-3.3.3-natives-windows.jar;C:\Users\Gabriel\.m2\repository\org\joml\joml\1.10.5\joml-1.10.5.jar;C:\Users\Gabriel\.m2\repository\org\lwjglx\lwjgl3-awt\0.1.8\lwjgl3-awt-0.1.8.jar;C:\Users\Gabriel\.m2\repository\org\lwjgl\lwjgl-jawt\3.3.3\lwjgl-jawt-3.3.3.jar;C:\Users\Gabriel\.m2\repository\org\l33tlabs\twl\pngdecoder\1.0\pngdecoder-1.0.jar
Launcher Type: SUN_STANDARD

[Global flags]
     intx CICompilerCount                          = 3                                         {product} {ergonomic}
     uint ConcGCThreads                            = 2                                         {product} {ergonomic}
     uint G1ConcRefinementThreads                  = 6                                         {product} {ergonomic}
   size_t G1HeapRegionSize                         = 1048576                                   {product} {ergonomic}
    uintx GCDrainStackTargetSize                   = 64                                        {product} {ergonomic}
   size_t InitialHeapSize                          = 134217728                                 {product} {ergonomic}
   size_t MarkStackSize                            = 4194304                                   {product} {ergonomic}
   size_t MaxHeapSize                              = 2130706432                                {product} {ergonomic}
   size_t MaxNewSize                               = 1278214144                                {product} {ergonomic}
   size_t MinHeapDeltaBytes                        = 1048576                                   {product} {ergonomic}
   size_t MinHeapSize                              = 8388608                                   {product} {ergonomic}
    uintx NonNMethodCodeHeapSize                   = 5832780                                {pd product} {ergonomic}
    uintx NonProfiledCodeHeapSize                  = 122912730                              {pd product} {ergonomic}
    uintx ProfiledCodeHeapSize                     = 122912730                              {pd product} {ergonomic}
    uintx ReservedCodeCacheSize                    = 251658240                              {pd product} {ergonomic}
     bool SegmentedCodeCache                       = true                                      {product} {ergonomic}
   size_t SoftMaxHeapSize                          = 2130706432                             {manageable} {ergonomic}
     bool UseCompressedClassPointers               = true                           {product lp64_product} {ergonomic}
     bool UseCompressedOops                        = true                           {product lp64_product} {ergonomic}
     bool UseG1GC                                  = true                                      {product} {ergonomic}
     bool UseLargePagesIndividualAllocation        = false                                  {pd product} {ergonomic}

Logging:
Log output configuration:
 #0: stdout all=warning uptime,level,tags foldmultilines=false
 #1: stderr all=off uptime,level,tags foldmultilines=false

Environment Variables:
JAVA_HOME=C:\Users\Gabriel\.jdks\corretto-11.0.21
PATH=C:\Python312\Scripts\;C:\Python312\;C:\Windows\system32;C:\Windows;C:\Windows\System32\Wbem;C:\Windows\System32\WindowsPowerShell\v1.0\;C:\Windows\System32\OpenSSH\;C:\Program Files\Git\cmd;C:\MinGW\mingw32\bin;C:\MinGW\bin;C:\MinGW\msys\1.0\bin;C:\Program Files\dotnet\;C:\Program Files (x86)\Windows Kits\10\Windows Performance Toolkit\;C:\Program Files\NVIDIA Corporation\NVIDIA NvDLISR;C:\Program Files (x86)\NVIDIA Corporation\PhysX\Common;C:\vcpkg;C:\Program Files\nodejs\;C:\ProgramData\chocolatey\bin;C:\Program Files\MySQL\MySQL Server 8.0\bin;C:\Users\Gabriel\AppData\Local\Microsoft\WindowsApps;C:\Users\Gabriel\AppData\Local\Programs\Microsoft VS Code\bin;C:\Users\Gabriel\.jdks\corretto-11.0.21\bin;C:\Users\Gabriel\.dotnet\tools;C:\Users\Gabriel\AppData\Roaming\npm
USERNAME=Gabriel
OS=Windows_NT
PROCESSOR_IDENTIFIER=Intel64 Family 6 Model 158 Stepping 10, GenuineIntel
TMP=C:\Users\Gabriel\AppData\Local\Temp
TEMP=C:\Users\Gabriel\AppData\Local\Temp



---------------  S Y S T E M  ---------------

OS:
 Windows 10 , 64 bit Build 19041 (10.0.19041.3636)
OS uptime: 0 days 6:18 hours

CPU: total 6 (initial active 6) (6 cores per cpu, 1 threads per core) family 6 model 158 stepping 10 microcode 0xb4, cx8, cmov, fxsr, mmx, 3dnowpref, sse, sse2, sse3, ssse3, sse4.1, sse4.2, popcnt, lzcnt, tsc, tscinvbit, avx, avx2, aes, erms, clmul, bmi1, bmi2, adx, fma, vzeroupper, clflush, clflushopt, rdtscp

Memory: 4k page, system-wide physical 8125M (1246M free)
TotalPageFile size 14781M (AvailPageFile size 3117M)
current process WorkingSet (physical memory assigned to process): 135M, peak: 135M
current process commit charge ("private bytes"): 338M, peak: 339M

vm_info: OpenJDK 64-Bit Server VM (19.0.2+7-FR) for windows-amd64 JRE (19.0.2+7-FR), built on Jan 13 2023 22:53:32 by "Administrator" with MS VC++ 15.9 (VS2017)

END.
